[INFO] 2020-01-23 10:11:14,292 Start main - Starting Application
[INFO] 2020-01-23 10:11:14,296 Start main - fileSource = C:\Pricer\FTP\EEG0303.001
[INFO] 2020-01-23 10:11:14,296 Start main - typeOperation = S
[INFO] 2020-01-23 10:11:14,296 Start main - itemPositionBegin = 0
[INFO] 2020-01-23 10:11:14,296 Start main - itemPositionEnd = 0
[INFO] 2020-01-23 10:11:14,296 Start main - Element Size = 45
[INFO] 2020-01-23 10:11:14,297 Start openConnectionDB - Connecting to Database
[INFO] 2020-01-23 10:11:14,915 Start main - nbre of SIC items in dtabase = 307944
[ERROR] 2020-01-23 10:11:14,916 Start main - File Exception Please Check if file exist 
[INFO] 2020-01-23 10:11:14,916 Start main - deleting the source file : C:\Pricer\FTP\EEG0303.001
[INFO] 2020-01-23 10:11:15,918 Start main - Rename Temp File to Source File 
[INFO] 2020-01-23 10:11:15,919 Start main - ###### End Operation for this file  : C:\Pricer\FTP\EEG0303.001 ######
[INFO] 2020-01-23 10:12:40,797 Start main - Starting Application
[INFO] 2020-01-23 10:12:40,800 Start main - fileSource = C:\Pricer\FTP\EEG0303.001
[INFO] 2020-01-23 10:12:40,800 Start main - typeOperation = S
[INFO] 2020-01-23 10:12:40,800 Start main - itemPositionBegin = 0
[INFO] 2020-01-23 10:12:40,800 Start main - itemPositionEnd = 0
[INFO] 2020-01-23 10:12:40,800 Start main - Element Size = 45
[INFO] 2020-01-23 10:12:40,801 Start openConnectionDB - Connecting to Database
[INFO] 2020-01-23 10:12:41,301 Start main - nbre of SIC items in dtabase = 307944
[ERROR] 2020-01-23 10:12:41,303 Start main - File Exception Please Check if file exist 
[INFO] 2020-01-23 10:12:41,303 Start main - deleting the source file : C:\Pricer\FTP\EEG0303.001
[INFO] 2020-01-23 10:12:42,303 Start main - Rename Temp File to Source File 
[INFO] 2020-01-23 10:12:42,304 Start main - ###### End Operation for this file  : C:\Pricer\FTP\EEG0303.001 ######
[INFO] 2020-01-23 10:14:33,366 Start main - Starting Application
[INFO] 2020-01-23 10:14:33,369 Start main - fileSource = C:\Pricer\FTP\EEG0303.001
[INFO] 2020-01-23 10:14:33,369 Start main - typeOperation = S
[INFO] 2020-01-23 10:14:33,369 Start main - itemPositionBegin = 0
[INFO] 2020-01-23 10:14:33,370 Start main - itemPositionEnd = 0
[INFO] 2020-01-23 10:14:33,370 Start main - Element Size = 45
[INFO] 2020-01-23 10:14:33,370 Start openConnectionDB - Connecting to Database
[INFO] 2020-01-23 10:14:33,878 Start main - nbre of SIC items in dtabase = 307944
[WARN] 2020-01-23 10:14:33,881 Start main - the number of elements (45) is different as expected 46 For this Line : CDISCOUNT;CDEAN ; LBSGM ; LBFAM ; LBTYP ; LBMRQ ; LBMDL ; LBPLUPRD ; LBREF ; LBGAR ; LBLOO1 ; LBVLR1LOO1 ; LBLOO2 ; LBVLR1LOO2 ; LBLOO3 ; LBVLR1LOO3 ; LBLOO4 ; LBVLR1LOO4 ; LBLOO5 ; LBVLR1LOO5 ; 	LBPRD1 ; LBVLR1 ; LBPRD2 ; LBVLR2 ; LBPRD3 ; LBVLR3 ; LBPRD4 ; LBVLR4 ; LBPRD5 ; LBVLR5 ; LBPRD6 ; LBVLR6 ; LBPRD7 ; LBVLR7 ; LBPRD8 ; LBVLR8 ; LBPRD9  ; LBVLR9 ; LBPRD10 ; LBVLR10  ; LBCAE1 ; LBCAE2 ; LBLOOFRN ; LBAIR ; LBCRE                                                                                                                                                                                                                                                                                                                                                                                                                                                                                                                                                                                                                                                                                                                                                                                                                                                                                                                                                                                                                                                                                                                                                                                                                                                                                                                                                                                                                                                                                                                                                                                                                                                                                                                                                                                                                                                                                                                                                                                                                                                                                                                                                                                                                                                                                                                                                                                                                                                                                                                                                                                                                                                                                                                                                                                                                                                                                                                                                                                                                                                                                                                                                                                                                                                                                                                                                                                                                                                                                                                                                                                                                                                                                                                                                                                                                                                                                                                                                                                                                                                                                                                                                                                                                                                                                                                                                                                                                                                                                                                                                                                                                                                                                                                                                                            
[INFO] 2020-01-23 10:14:33,891 Start main - deleting the source file : C:\Pricer\FTP\EEG0303.001
[INFO] 2020-01-23 10:14:34,892 Start main - Rename Temp File to Source File 
[INFO] 2020-01-23 10:14:34,893 Start main - ###### End Operation for this file  : C:\Pricer\FTP\EEG0303.001 ######
[INFO] 2020-01-23 10:25:53,619 Start main - Starting Application
[INFO] 2020-01-23 10:25:53,622 Start main - fileSource = C:\Pricer\FTP\EEG0303.001
[INFO] 2020-01-23 10:25:53,622 Start main - typeOperation = S
[INFO] 2020-01-23 10:25:53,622 Start main - itemPositionBegin = 0
[INFO] 2020-01-23 10:25:53,622 Start main - itemPositionEnd = 0
[INFO] 2020-01-23 10:25:53,622 Start main - Element Size = 45
[INFO] 2020-01-23 10:25:53,623 Start openConnectionDB - Connecting to Database
[INFO] 2020-01-23 10:25:54,132 Start main - nbre of SIC items in dtabase = 307944
[WARN] 2020-01-23 10:25:54,133 Start main - the number of elements (45) is different as expected 46 For this Line : CDISCOUNT;CDEAN ; LBSGM ; LBFAM ; LBTYP ; LBMRQ ; LBMDL ; LBPLUPRD ; LBREF ; LBGAR ; LBLOO1 ; LBVLR1LOO1 ; LBLOO2 ; LBVLR1LOO2 ; LBLOO3 ; LBVLR1LOO3 ; LBLOO4 ; LBVLR1LOO4 ; LBLOO5 ; LBVLR1LOO5 ; 	LBPRD1 ; LBVLR1 ; LBPRD2 ; LBVLR2 ; LBPRD3 ; LBVLR3 ; LBPRD4 ; LBVLR4 ; LBPRD5 ; LBVLR5 ; LBPRD6 ; LBVLR6 ; LBPRD7 ; LBVLR7 ; LBPRD8 ; LBVLR8 ; LBPRD9  ; LBVLR9 ; LBPRD10 ; LBVLR10  ; LBCAE1 ; LBCAE2 ; LBLOOFRN ; LBAIR ; LBCRE                                                                                                                                                                                                                                                                                                                                                                                                                                                                                                                                                                                                                                                                                                                                                                                                                                                                                                                                                                                                                                                                                                                                                                                                                                                                                                                                                                                                                                                                                                                                                                                                                                                                                                                                                                                                                                                                                                                                                                                                                                                                                                                                                                                                                                                                                                                                                                                                                                                                                                                                                                                                                                                                                                                                                                                                                                                                                                                                                                                                                                                                                                                                                                                                                                                                                                                                                                                                                                                                                                                                                                                                                                                                                                                                                                                                                                                                                                                                                                                                                                                                                                                                                                                                                                                                                                                                                                                                                                                                                                                                                                                                                                                                                                                                                                            
[INFO] 2020-01-23 10:25:54,236 Start main - deleting the source file : C:\Pricer\FTP\EEG0303.001
[INFO] 2020-01-23 10:25:55,237 Start main - Rename Temp File to Source File 
[INFO] 2020-01-23 10:25:55,238 Start main - ###### End Operation for this file  : C:\Pricer\FTP\EEG0303.001 ######
